Unity Editor version:    2021.3.10f1 (1c7d0df0160b)
Branch:                  2021.3/staging
Build type:              Release
Batch mode:              YES
macOS version:           Version 12.5 (Build 21G72)
Darwin version:          21.6.0
Architecture:            arm64
Running under Rosetta:   NO
Available memory:        8192 MB
Using pre-set license
Pro License: YES

COMMAND LINE ARGUMENTS:
/Applications/Unity/Hub/Editor/2021.3.10f1/Unity.app/Contents/MacOS/Unity
-adb2
-batchMode
-noUpm
-name
AssetImportWorker0
-projectPath
/Users/apple/Documents/DesignPattern
-logFile
Logs/AssetImportWorker0.log
-srvPort
58776
Successfully changed project path to: /Users/apple/Documents/DesignPattern
/Users/apple/Documents/DesignPattern
[UnityMemory] Configuration Parameters - Can be set up in boot.config
    "memorysetup-bucket-allocator-granularity=16"
    "memorysetup-bucket-allocator-bucket-count=8"
    "memorysetup-bucket-allocator-block-size=33554432"
    "memorysetup-bucket-allocator-block-count=8"
    "memorysetup-main-allocator-block-size=16777216"
    "memorysetup-thread-allocator-block-size=16777216"
    "memorysetup-gfx-main-allocator-block-size=16777216"
    "memorysetup-gfx-thread-allocator-block-size=16777216"
    "memorysetup-cache-allocator-block-size=4194304"
    "memorysetup-typetree-allocator-block-size=2097152"
    "memorysetup-profiler-bucket-allocator-granularity=16"
    "memorysetup-profiler-bucket-allocator-bucket-count=8"
    "memorysetup-profiler-bucket-allocator-block-size=33554432"
    "memorysetup-profiler-bucket-allocator-block-count=8"
    "memorysetup-profiler-allocator-block-size=16777216"
    "memorysetup-profiler-editor-allocator-block-size=1048576"
    "memorysetup-temp-allocator-size-main=16777216"
    "memorysetup-job-temp-allocator-block-size=2097152"
    "memorysetup-job-temp-allocator-block-size-background=1048576"
    "memorysetup-job-temp-allocator-reduction-small-platforms=262144"
    "memorysetup-temp-allocator-size-background-worker=32768"
    "memorysetup-temp-allocator-size-job-worker=262144"
    "memorysetup-temp-allocator-size-preload-manager=33554432"
    "memorysetup-temp-allocator-size-nav-mesh-worker=65536"
    "memorysetup-temp-allocator-size-audio-worker=65536"
    "memorysetup-temp-allocator-size-cloud-worker=32768"
    "memorysetup-temp-allocator-size-gi-baking-worker=262144"
    "memorysetup-temp-allocator-size-gfx=262144"
Refreshing native plugins compatible for Editor in 76.14 ms, found 2 plugins.
Preloading 0 native plugins for Editor in 0.00 ms.
Initialize engine version: 2021.3.10f1 (1c7d0df0160b)
[Subsystems] Discovering subsystems at path /Applications/Unity/Hub/Editor/2021.3.10f1/Unity.app/Contents/Resources/UnitySubsystems
[Subsystems] Discovering subsystems at path /Users/apple/Documents/DesignPattern/Assets
GfxDevice: creating device client; threaded=0; jobified=0
 preferred device: Apple M1 (high power)
Metal devices available: 1
0: Apple M1 (high power)
Using device Apple M1 (high power)
Initializing Metal device caps: Apple M1
Initialize mono
Mono path[0] = '/Applications/Unity/Hub/Editor/2021.3.10f1/Unity.app/Contents/Managed'
Mono path[1] = '/Applications/Unity/Hub/Editor/2021.3.10f1/Unity.app/Contents/MonoBleedingEdge/lib/mono/unityjit-macos'
Mono config path = '/Applications/Unity/Hub/Editor/2021.3.10f1/Unity.app/Contents/MonoBleedingEdge/etc'
Using monoOptions --debugger-agent=transport=dt_socket,embedding=1,server=y,suspend=n,address=127.0.0.1:56448
Begin MonoManager ReloadAssembly
Registering precompiled unity dll's ...
Register platform support module: /Applications/Unity/Hub/Editor/2021.3.10f1/Unity.app/Contents/PlaybackEngines/MacStandaloneSupport/UnityEditor.OSXStandalone.Extensions.dll
Register platform support module: /Applications/Unity/Hub/Editor/2021.3.10f1/PlaybackEngines/AndroidPlayer/UnityEditor.Android.Extensions.dll
Register platform support module: /Applications/Unity/Hub/Editor/2021.3.10f1/PlaybackEngines/iOSSupport/UnityEditor.iOS.Extensions.dll
Register platform support module: /Applications/Unity/Hub/Editor/2021.3.10f1/PlaybackEngines/LinuxStandaloneSupport/UnityEditor.LinuxStandalone.Extensions.dll
Registered in 0.002072 seconds.
Native extension for LinuxStandalone target not found
[usbmuxd] Start listen thread
[usbmuxd] Listen thread started
[usbmuxd] Send listen message
Native extension for iOS target not found
Native extension for Android target not found
Native extension for OSXStandalone target not found
Refreshing native plugins compatible for Editor in 73.24 ms, found 2 plugins.
Preloading 0 native plugins for Editor in 0.00 ms.
Mono: successfully reloaded assembly
- Completed reload, in  0.507 seconds
Domain Reload Profiling:
	ReloadAssembly (507ms)
		BeginReloadAssembly (83ms)
			ExecutionOrderSort (0ms)
			DisableScriptedObjects (0ms)
			BackupInstance (0ms)
			ReleaseScriptingObjects (0ms)
			CreateAndSetChildDomain (1ms)
		EndReloadAssembly (351ms)
			LoadAssemblies (84ms)
			RebuildTransferFunctionScriptingTraits (0ms)
			SetupTypeCache (79ms)
			ReleaseScriptCaches (0ms)
			RebuildScriptCaches (20ms)
			SetupLoadedEditorAssemblies (218ms)
				LogAssemblyErrors (0ms)
				InitializePlatformSupportModulesInManaged (61ms)
				SetLoadedEditorAssemblies (0ms)
				RefreshPlugins (73ms)
				BeforeProcessingInitializeOnLoad (1ms)
				ProcessInitializeOnLoadAttributes (53ms)
				ProcessInitializeOnLoadMethodAttributes (29ms)
				AfterProcessingInitializeOnLoad (0ms)
				EditorAssembliesLoaded (0ms)
			ExecutionOrderSort2 (0ms)
			AwakeInstancesAfterBackupRestoration (0ms)
Platform modules already initialized, skipping
Registering precompiled user dll's ...
Registered in 0.001873 seconds.
Begin MonoManager ReloadAssembly
Symbol file LoadedFromMemory doesn't match image /Users/apple/Documents/DesignPattern/Library/PackageCache/com.unity.visualscripting@1.7.8/Editor/VisualScripting.Core/Dependencies/YamlDotNet/Unity.VisualScripting.YamlDotNet.dll
Symbol file LoadedFromMemory doesn't match image /Users/apple/Documents/DesignPattern/Library/PackageCache/com.unity.visualscripting@1.7.8/Editor/VisualScripting.Core/Dependencies/DotNetZip/Unity.VisualScripting.IonicZip.dll
Native extension for LinuxStandalone target not found
Native extension for iOS target not found
Native extension for Android target not found
Native extension for OSXStandalone target not found
Refreshing native plugins compatible for Editor in 0.33 ms, found 2 plugins.
Preloading 0 native plugins for Editor in 0.00 ms.
Mono: successfully reloaded assembly
- Completed reload, in  0.846 seconds
Domain Reload Profiling:
	ReloadAssembly (847ms)
		BeginReloadAssembly (184ms)
			ExecutionOrderSort (0ms)
			DisableScriptedObjects (4ms)
			BackupInstance (0ms)
			ReleaseScriptingObjects (0ms)
			CreateAndSetChildDomain (133ms)
		EndReloadAssembly (590ms)
			LoadAssemblies (60ms)
			RebuildTransferFunctionScriptingTraits (0ms)
			SetupTypeCache (200ms)
			ReleaseScriptCaches (3ms)
			RebuildScriptCaches (40ms)
			SetupLoadedEditorAssemblies (258ms)
				LogAssemblyErrors (0ms)
				InitializePlatformSupportModulesInManaged (21ms)
				SetLoadedEditorAssemblies (0ms)
				RefreshPlugins (0ms)
				BeforeProcessingInitializeOnLoad (60ms)
				ProcessInitializeOnLoadAttributes (155ms)
				ProcessInitializeOnLoadMethodAttributes (20ms)
				AfterProcessingInitializeOnLoad (1ms)
				EditorAssembliesLoaded (0ms)
			ExecutionOrderSort2 (0ms)
			AwakeInstancesAfterBackupRestoration (3ms)
Platform modules already initialized, skipping
========================================================================
Worker process is ready to serve import requests
Launching external process: /Applications/Unity/Hub/Editor/2021.3.10f1/Unity.app/Contents/Tools/UnityShaderCompiler
Launched and connected shader compiler UnityShaderCompiler after 0.22 seconds
Refreshing native plugins compatible for Editor in 0.35 ms, found 2 plugins.
Preloading 0 native plugins for Editor in 0.00 ms.
Unloading 3623 Unused Serialized files (Serialized files now loaded: 0)
Unloading 25 unused Assets / (44.4 KB). Loaded Objects now: 4088.
Memory consumption went from 248.3 MB to 248.2 MB.
Total: 5.667750 ms (FindLiveObjects: 0.119125 ms CreateObjectMapping: 0.044834 ms MarkObjects: 5.447917 ms  DeleteObjects: 0.055250 ms)

AssetImportParameters requested are different than current active one (requested -> active):
  custom:video-decoder-ogg-theora: a1e56fd34408186e4bbccfd4996cb3dc -> 
  custom:container-muxer-webm: aa71ff27fc2769a1b78a27578f13a17b -> 
  custom:container-demuxer-webm: 4f35f7cbe854078d1ac9338744f61a02 -> 
  custom:video-encoder-webm-vp8: eb34c28f22e8b96e1ab97ce403110664 -> 
  custom:framework-osx-AVFoundation: e770b220cccbd017edd2c1fefb359320 -> 
  custom:audio-encoder-webm-vorbis: bf7c407c2cedff20999df2af8eb42d56 -> 
  custom:container-demuxer-ogg: 62fdf1f143b41e24485cea50d1cbac27 -> 
  custom:video-decoder-webm-vp8: 9c59270c3fd7afecdb556c50c9e8de78 -> 
  custom:audio-decoder-ogg-vorbis: bf7c407c2cedff20999df2af8eb42d56 -> 
========================================================================
Received Import Request.
  Time since last request: 137634.691549 seconds.
  path: Assets/SO Architecture/Collections/AnimationCurveCollection.cs
  artifactKey: Guid(7ad7f20ff642cbc418ac6531143b174e) Importer(815301076,1909f56bfc062723c751e8b465ee728b)
Start importing Assets/SO Architecture/Collections/AnimationCurveCollection.cs using Guid(7ad7f20ff642cbc418ac6531143b174e) Importer(815301076,1909f56bfc062723c751e8b465ee728b)  -> (artifact id: '75628eb8ed50aea3667e8c4050140bd5') in 0.094559 seconds 
========================================================================
Received Import Request.
  Time since last request: 3.420557 seconds.
  path: Assets/SO Architecture/Collections/AudioClipCollection.cs
  artifactKey: Guid(d289013f46a3b234986332177bde3edf) Importer(815301076,1909f56bfc062723c751e8b465ee728b)
Start importing Assets/SO Architecture/Collections/AudioClipCollection.cs using Guid(d289013f46a3b234986332177bde3edf) Importer(815301076,1909f56bfc062723c751e8b465ee728b)  -> (artifact id: '64bc1df26d3c5acd9e449e1f2604206a') in 0.001314 seconds 
========================================================================
Received Import Request.
  Time since last request: 0.460956 seconds.
  path: Assets/SO Architecture/Collections/BaseCollection.cs
  artifactKey: Guid(c80fa5d349585dd45bc2532a8744c5af) Importer(815301076,1909f56bfc062723c751e8b465ee728b)
Start importing Assets/SO Architecture/Collections/BaseCollection.cs using Guid(c80fa5d349585dd45bc2532a8744c5af) Importer(815301076,1909f56bfc062723c751e8b465ee728b)  -> (artifact id: '554e254888514dc06bf0f33ccd7f3b8c') in 0.001158 seconds 
========================================================================
Received Import Request.
  Time since last request: 0.312439 seconds.
  path: Assets/SO Architecture/Collections/BoolCollection.cs
  artifactKey: Guid(916693505e56c0e458b96d6de46fec18) Importer(815301076,1909f56bfc062723c751e8b465ee728b)
Start importing Assets/SO Architecture/Collections/BoolCollection.cs using Guid(916693505e56c0e458b96d6de46fec18) Importer(815301076,1909f56bfc062723c751e8b465ee728b)  -> (artifact id: '236713533a55e98f2168b03d3a2762ed') in 0.001159 seconds 
========================================================================
Received Import Request.
  Time since last request: 0.301941 seconds.
  path: Assets/SO Architecture/Collections/ByteCollection.cs
  artifactKey: Guid(c80696004aaeefd4581c66b60262ce40) Importer(815301076,1909f56bfc062723c751e8b465ee728b)
Start importing Assets/SO Architecture/Collections/ByteCollection.cs using Guid(c80696004aaeefd4581c66b60262ce40) Importer(815301076,1909f56bfc062723c751e8b465ee728b)  -> (artifact id: '8b75f863286ac645777b2acd21d169df') in 0.001337 seconds 
========================================================================
Received Import Request.
  Time since last request: 0.298568 seconds.
  path: Assets/SO Architecture/Collections/CharCollection.cs
  artifactKey: Guid(bfe6b2c3c89b7f44bbd064c0c24da0b5) Importer(815301076,1909f56bfc062723c751e8b465ee728b)
Start importing Assets/SO Architecture/Collections/CharCollection.cs using Guid(bfe6b2c3c89b7f44bbd064c0c24da0b5) Importer(815301076,1909f56bfc062723c751e8b465ee728b)  -> (artifact id: '483b94aff06fdeb176b2e98a1ed1c9a9') in 0.001086 seconds 
========================================================================
Received Import Request.
  Time since last request: 0.273570 seconds.
  path: Assets/SO Architecture/Collections/Collection.cs
  artifactKey: Guid(86767a9f6ab228c4ea5db8d47a39b046) Importer(815301076,1909f56bfc062723c751e8b465ee728b)
Start importing Assets/SO Architecture/Collections/Collection.cs using Guid(86767a9f6ab228c4ea5db8d47a39b046) Importer(815301076,1909f56bfc062723c751e8b465ee728b)  -> (artifact id: '1626ee1e62fed3d10638a7b9b3a6a78d') in 0.001115 seconds 
========================================================================
Received Import Request.
  Time since last request: 0.227845 seconds.
  path: Assets/SO Architecture/Collections/Color32Collection.cs
  artifactKey: Guid(ff2975a5cdeda4a4ea898a97a00b1245) Importer(815301076,1909f56bfc062723c751e8b465ee728b)
Start importing Assets/SO Architecture/Collections/Color32Collection.cs using Guid(ff2975a5cdeda4a4ea898a97a00b1245) Importer(815301076,1909f56bfc062723c751e8b465ee728b)  -> (artifact id: '307a431b2042b7d271cd08c2cb94e732') in 0.000993 seconds 
========================================================================
Received Import Request.
  Time since last request: 0.195873 seconds.
  path: Assets/SO Architecture/Collections/ColorCollection.cs
  artifactKey: Guid(b70196d7b105d854286b774167fa3a58) Importer(815301076,1909f56bfc062723c751e8b465ee728b)
Start importing Assets/SO Architecture/Collections/ColorCollection.cs using Guid(b70196d7b105d854286b774167fa3a58) Importer(815301076,1909f56bfc062723c751e8b465ee728b)  -> (artifact id: '65e1488075cccb64e3bf51c83b28c5ca') in 0.001103 seconds 
========================================================================
Received Import Request.
  Time since last request: 0.168924 seconds.
  path: Assets/SO Architecture/Collections/DoubleCollection.cs
  artifactKey: Guid(ddebc6dac1a8f914b9b59d5ebb3f8dd1) Importer(815301076,1909f56bfc062723c751e8b465ee728b)
Start importing Assets/SO Architecture/Collections/DoubleCollection.cs using Guid(ddebc6dac1a8f914b9b59d5ebb3f8dd1) Importer(815301076,1909f56bfc062723c751e8b465ee728b)  -> (artifact id: '70b02b986de694cf5476cecbbbe6746a') in 0.000869 seconds 
========================================================================
Received Import Request.
  Time since last request: 0.150718 seconds.
  path: Assets/SO Architecture/Collections/FloatCollection.cs
  artifactKey: Guid(0c34b51965a63624385c5d47f4ac333f) Importer(815301076,1909f56bfc062723c751e8b465ee728b)
Start importing Assets/SO Architecture/Collections/FloatCollection.cs using Guid(0c34b51965a63624385c5d47f4ac333f) Importer(815301076,1909f56bfc062723c751e8b465ee728b)  -> (artifact id: 'd213d44861c76546549f8b7dfbcd1937') in 0.000807 seconds 
========================================================================
Received Import Request.
  Time since last request: 9.669526 seconds.
  path: Assets/SO Architecture/Examples/Scenes/Example #02 - Events.unity
  artifactKey: Guid(576c8d711e4aec1478245fb49d7f0147) Importer(815301076,1909f56bfc062723c751e8b465ee728b)
Start importing Assets/SO Architecture/Examples/Scenes/Example #02 - Events.unity using Guid(576c8d711e4aec1478245fb49d7f0147) Importer(815301076,1909f56bfc062723c751e8b465ee728b)  -> (artifact id: 'eb335095d35bf0fd236eec0b8dc0b831') in 0.001455 seconds 
========================================================================
Received Import Request.
  Time since last request: 0.875193 seconds.
  path: Assets/SO Architecture/Examples/Scenes/Example #01 - References.unity
  artifactKey: Guid(aa169694de7c0d046ad1b5fdb65c8cb5) Importer(815301076,1909f56bfc062723c751e8b465ee728b)
Start importing Assets/SO Architecture/Examples/Scenes/Example #01 - References.unity using Guid(aa169694de7c0d046ad1b5fdb65c8cb5) Importer(815301076,1909f56bfc062723c751e8b465ee728b)  -> (artifact id: '63a08f00e6cf7f588c936d97153e5af1') in 0.000796 seconds 
========================================================================
Received Import Request.
  Time since last request: 12.260932 seconds.
  path: Assets/SO Architecture/Examples/Objects/Sphere Of Pain Damage.asset
  artifactKey: Guid(6a37932d0acd09746b3d2a9b91fc143e) Importer(815301076,1909f56bfc062723c751e8b465ee728b)
Start importing Assets/SO Architecture/Examples/Objects/Sphere Of Pain Damage.asset using Guid(6a37932d0acd09746b3d2a9b91fc143e) Importer(815301076,1909f56bfc062723c751e8b465ee728b)  -> (artifact id: 'a9e7300a73557545134fa858e2a1e725') in 0.473761 seconds 
========================================================================
Received Import Request.
  Time since last request: 10.541324 seconds.
  path: Assets/SO Architecture/Examples/Objects/Player Starting Health.asset
  artifactKey: Guid(b786e1b7e7eaff2459e2286b5f95b019) Importer(815301076,1909f56bfc062723c751e8b465ee728b)
Start importing Assets/SO Architecture/Examples/Objects/Player Starting Health.asset using Guid(b786e1b7e7eaff2459e2286b5f95b019) Importer(815301076,1909f56bfc062723c751e8b465ee728b)  -> (artifact id: '47dd673fe082d323e73cd8de5753277e') in 0.006598 seconds 
========================================================================
Received Import Request.
  Time since last request: 0.457008 seconds.
  path: Assets/SO Architecture/Examples/Objects/Player Move Speed.asset
  artifactKey: Guid(e764e13357fec0248ba927f62fde9779) Importer(815301076,1909f56bfc062723c751e8b465ee728b)
Start importing Assets/SO Architecture/Examples/Objects/Player Move Speed.asset using Guid(e764e13357fec0248ba927f62fde9779) Importer(815301076,1909f56bfc062723c751e8b465ee728b)  -> (artifact id: 'f5c4d156131fddb96dea0327fdb4f011') in 0.002742 seconds 
========================================================================
Received Import Request.
  Time since last request: 0.913020 seconds.
  path: Assets/SO Architecture/Examples/Objects/Player Health.asset
  artifactKey: Guid(00040033833585f4b940c1e6c8d5d2e1) Importer(815301076,1909f56bfc062723c751e8b465ee728b)
Start importing Assets/SO Architecture/Examples/Objects/Player Health.asset using Guid(00040033833585f4b940c1e6c8d5d2e1) Importer(815301076,1909f56bfc062723c751e8b465ee728b)  -> (artifact id: '67d31d51c1180ea08b4c33cef4466416') in 0.002605 seconds 
========================================================================
Received Import Request.
  Time since last request: 1.523273 seconds.
  path: Assets/SO Architecture/Examples/Objects/OnPlayerDamaged.asset
  artifactKey: Guid(6205baf386184bf4c879e8216918a90a) Importer(815301076,1909f56bfc062723c751e8b465ee728b)
Start importing Assets/SO Architecture/Examples/Objects/OnPlayerDamaged.asset using Guid(6205baf386184bf4c879e8216918a90a) Importer(815301076,1909f56bfc062723c751e8b465ee728b)  -> (artifact id: '73fe2acdebbe10fc1b9e63b9153dace4') in 0.002690 seconds 
========================================================================
Received Import Request.
  Time since last request: 4.891208 seconds.
  path: Assets/SO Architecture/Examples/Objects/OnDisableRandomThing.asset
  artifactKey: Guid(aa89c184710051e43b3123245794dda6) Importer(815301076,1909f56bfc062723c751e8b465ee728b)
Start importing Assets/SO Architecture/Examples/Objects/OnDisableRandomThing.asset using Guid(aa89c184710051e43b3123245794dda6) Importer(815301076,1909f56bfc062723c751e8b465ee728b)  -> (artifact id: 'f549a544958b7ae2fbc1a69121b1282e') in 0.003360 seconds 
========================================================================
Received Import Request.
  Time since last request: 13.262627 seconds.
  path: Assets/SO Architecture/Examples/Objects/Thing Collection.asset
  artifactKey: Guid(711814e21a7beb249833d6173e4082cc) Importer(815301076,1909f56bfc062723c751e8b465ee728b)
Start importing Assets/SO Architecture/Examples/Objects/Thing Collection.asset using Guid(711814e21a7beb249833d6173e4082cc) Importer(815301076,1909f56bfc062723c751e8b465ee728b)  -> (artifact id: '8b457ae5432f87644cb941491eaa804f') in 0.007078 seconds 
========================================================================
Received Prepare
Registering precompiled user dll's ...
Registered in 0.001406 seconds.
Begin MonoManager ReloadAssembly
Thread 0x17dceb000 may have been prematurely finalized
Symbol file LoadedFromMemory doesn't match image /Users/apple/Documents/DesignPattern/Library/PackageCache/com.unity.visualscripting@1.7.8/Editor/VisualScripting.Core/Dependencies/YamlDotNet/Unity.VisualScripting.YamlDotNet.dll
Symbol file LoadedFromMemory doesn't match image /Users/apple/Documents/DesignPattern/Library/PackageCache/com.unity.visualscripting@1.7.8/Editor/VisualScripting.Core/Dependencies/DotNetZip/Unity.VisualScripting.IonicZip.dll
Native extension for LinuxStandalone target not found
Native extension for iOS target not found
Native extension for Android target not found
Native extension for OSXStandalone target not found
Refreshing native plugins compatible for Editor in 0.97 ms, found 2 plugins.
Preloading 0 native plugins for Editor in 0.00 ms.
Mono: successfully reloaded assembly
- Completed reload, in  0.929 seconds
Domain Reload Profiling:
	ReloadAssembly (935ms)
		BeginReloadAssembly (263ms)
			ExecutionOrderSort (0ms)
			DisableScriptedObjects (12ms)
			BackupInstance (0ms)
			ReleaseScriptingObjects (0ms)
			CreateAndSetChildDomain (91ms)
		EndReloadAssembly (602ms)
			LoadAssemblies (110ms)
			RebuildTransferFunctionScriptingTraits (0ms)
			SetupTypeCache (218ms)
			ReleaseScriptCaches (7ms)
			RebuildScriptCaches (38ms)
			SetupLoadedEditorAssemblies (252ms)
				LogAssemblyErrors (0ms)
				InitializePlatformSupportModulesInManaged (24ms)
				SetLoadedEditorAssemblies (0ms)
				RefreshPlugins (1ms)
				BeforeProcessingInitializeOnLoad (61ms)
				ProcessInitializeOnLoadAttributes (145ms)
				ProcessInitializeOnLoadMethodAttributes (19ms)
				AfterProcessingInitializeOnLoad (1ms)
				EditorAssembliesLoaded (0ms)
			ExecutionOrderSort2 (0ms)
			AwakeInstancesAfterBackupRestoration (2ms)
Platform modules already initialized, skipping
Refreshing native plugins compatible for Editor in 1.25 ms, found 2 plugins.
Preloading 0 native plugins for Editor in 0.00 ms.
Unloading 3602 Unused Serialized files (Serialized files now loaded: 0)
Unloading 18 unused Assets / (22.0 KB). Loaded Objects now: 4092.
Memory consumption went from 254.9 MB to 254.9 MB.
Total: 5.728125 ms (FindLiveObjects: 1.564834 ms CreateObjectMapping: 1.319583 ms MarkObjects: 2.579417 ms  DeleteObjects: 0.263750 ms)

AssetImportParameters requested are different than current active one (requested -> active):
  custom:video-decoder-ogg-theora: a1e56fd34408186e4bbccfd4996cb3dc -> 
  custom:container-muxer-webm: aa71ff27fc2769a1b78a27578f13a17b -> 
  custom:container-demuxer-webm: 4f35f7cbe854078d1ac9338744f61a02 -> 
  custom:video-encoder-webm-vp8: eb34c28f22e8b96e1ab97ce403110664 -> 
  custom:framework-osx-AVFoundation: e770b220cccbd017edd2c1fefb359320 -> 
  custom:audio-encoder-webm-vorbis: bf7c407c2cedff20999df2af8eb42d56 -> 
  custom:container-demuxer-ogg: 62fdf1f143b41e24485cea50d1cbac27 -> 
  custom:video-decoder-webm-vp8: 9c59270c3fd7afecdb556c50c9e8de78 -> 
  custom:audio-decoder-ogg-vorbis: bf7c407c2cedff20999df2af8eb42d56 -> 
========================================================================
Received Import Request.
  Time since last request: 583.855990 seconds.
  path: Assets/SO Architecture/Examples/Scenes
  artifactKey: Guid(e7f435969415ad84385e64eb097a6c9c) Importer(815301076,1909f56bfc062723c751e8b465ee728b)
Start importing Assets/SO Architecture/Examples/Scenes using Guid(e7f435969415ad84385e64eb097a6c9c) Importer(815301076,1909f56bfc062723c751e8b465ee728b)  -> (artifact id: 'b5040e1ca6f45bcef0bf24653b0fe3be') in 0.094768 seconds 
========================================================================
Received Prepare
Registering precompiled user dll's ...
Registered in 0.001297 seconds.
Begin MonoManager ReloadAssembly
Thread 0x17da53000 may have been prematurely finalized
Symbol file LoadedFromMemory doesn't match image /Users/apple/Documents/DesignPattern/Library/PackageCache/com.unity.visualscripting@1.7.8/Editor/VisualScripting.Core/Dependencies/YamlDotNet/Unity.VisualScripting.YamlDotNet.dll
Symbol file LoadedFromMemory doesn't match image /Users/apple/Documents/DesignPattern/Library/PackageCache/com.unity.visualscripting@1.7.8/Editor/VisualScripting.Core/Dependencies/DotNetZip/Unity.VisualScripting.IonicZip.dll
Native extension for LinuxStandalone target not found
Native extension for iOS target not found
Native extension for Android target not found
Native extension for OSXStandalone target not found
Refreshing native plugins compatible for Editor in 1.26 ms, found 2 plugins.
Preloading 0 native plugins for Editor in 0.00 ms.
Mono: successfully reloaded assembly
- Completed reload, in  0.927 seconds
Domain Reload Profiling:
	ReloadAssembly (933ms)
		BeginReloadAssembly (260ms)
			ExecutionOrderSort (0ms)
			DisableScriptedObjects (12ms)
			BackupInstance (0ms)
			ReleaseScriptingObjects (0ms)
			CreateAndSetChildDomain (90ms)
		EndReloadAssembly (603ms)
			LoadAssemblies (105ms)
			RebuildTransferFunctionScriptingTraits (0ms)
			SetupTypeCache (245ms)
			ReleaseScriptCaches (3ms)
			RebuildScriptCaches (33ms)
			SetupLoadedEditorAssemblies (236ms)
				LogAssemblyErrors (0ms)
				InitializePlatformSupportModulesInManaged (31ms)
				SetLoadedEditorAssemblies (1ms)
				RefreshPlugins (1ms)
				BeforeProcessingInitializeOnLoad (44ms)
				ProcessInitializeOnLoadAttributes (139ms)
				ProcessInitializeOnLoadMethodAttributes (19ms)
				AfterProcessingInitializeOnLoad (1ms)
				EditorAssembliesLoaded (0ms)
			ExecutionOrderSort2 (0ms)
			AwakeInstancesAfterBackupRestoration (2ms)
Platform modules already initialized, skipping
Refreshing native plugins compatible for Editor in 1.20 ms, found 2 plugins.
Preloading 0 native plugins for Editor in 0.00 ms.
Unloading 3602 Unused Serialized files (Serialized files now loaded: 0)
Unloading 18 unused Assets / (22.0 KB). Loaded Objects now: 4095.
Memory consumption went from 255.1 MB to 255.1 MB.
Total: 3.560875 ms (FindLiveObjects: 0.348541 ms CreateObjectMapping: 0.108459 ms MarkObjects: 2.646458 ms  DeleteObjects: 0.456708 ms)

AssetImportParameters requested are different than current active one (requested -> active):
  custom:video-decoder-ogg-theora: a1e56fd34408186e4bbccfd4996cb3dc -> 
  custom:container-muxer-webm: aa71ff27fc2769a1b78a27578f13a17b -> 
  custom:container-demuxer-webm: 4f35f7cbe854078d1ac9338744f61a02 -> 
  custom:video-encoder-webm-vp8: eb34c28f22e8b96e1ab97ce403110664 -> 
  custom:framework-osx-AVFoundation: e770b220cccbd017edd2c1fefb359320 -> 
  custom:audio-encoder-webm-vorbis: bf7c407c2cedff20999df2af8eb42d56 -> 
  custom:container-demuxer-ogg: 62fdf1f143b41e24485cea50d1cbac27 -> 
  custom:video-decoder-webm-vp8: 9c59270c3fd7afecdb556c50c9e8de78 -> 
  custom:audio-decoder-ogg-vorbis: bf7c407c2cedff20999df2af8eb42d56 -> 
========================================================================
Received Import Request.
  Time since last request: 222.014728 seconds.
  path: Assets/SO Architecture/Examples/Scenes/Example #03 - Collections.unity
  artifactKey: Guid(bdeea8d3973c52d40a7f13c01cf59f39) Importer(815301076,1909f56bfc062723c751e8b465ee728b)
Start importing Assets/SO Architecture/Examples/Scenes/Example #03 - Collections.unity using Guid(bdeea8d3973c52d40a7f13c01cf59f39) Importer(815301076,1909f56bfc062723c751e8b465ee728b)  -> (artifact id: '7d67592f4ee0a5932c50d8ccc35e9fa6') in 0.042778 seconds 
========================================================================
Received Prepare
Registering precompiled user dll's ...
Registered in 0.001263 seconds.
Begin MonoManager ReloadAssembly
Thread 0x16b173000 may have been prematurely finalized
Symbol file LoadedFromMemory doesn't match image /Users/apple/Documents/DesignPattern/Library/PackageCache/com.unity.visualscripting@1.7.8/Editor/VisualScripting.Core/Dependencies/YamlDotNet/Unity.VisualScripting.YamlDotNet.dll
Symbol file LoadedFromMemory doesn't match image /Users/apple/Documents/DesignPattern/Library/PackageCache/com.unity.visualscripting@1.7.8/Editor/VisualScripting.Core/Dependencies/DotNetZip/Unity.VisualScripting.IonicZip.dll
Native extension for LinuxStandalone target not found
Native extension for iOS target not found
Native extension for Android target not found
Native extension for OSXStandalone target not found
Refreshing native plugins compatible for Editor in 0.56 ms, found 2 plugins.
Preloading 0 native plugins for Editor in 0.00 ms.
Mono: successfully reloaded assembly
- Completed reload, in  0.757 seconds
Domain Reload Profiling:
	ReloadAssembly (761ms)
		BeginReloadAssembly (134ms)
			ExecutionOrderSort (0ms)
			DisableScriptedObjects (5ms)
			BackupInstance (0ms)
			ReleaseScriptingObjects (0ms)
			CreateAndSetChildDomain (61ms)
		EndReloadAssembly (555ms)
			LoadAssemblies (52ms)
			RebuildTransferFunctionScriptingTraits (0ms)
			SetupTypeCache (216ms)
			ReleaseScriptCaches (1ms)
			RebuildScriptCaches (30ms)
			SetupLoadedEditorAssemblies (233ms)
				LogAssemblyErrors (0ms)
				InitializePlatformSupportModulesInManaged (29ms)
				SetLoadedEditorAssemblies (0ms)
				RefreshPlugins (1ms)
				BeforeProcessingInitializeOnLoad (51ms)
				ProcessInitializeOnLoadAttributes (133ms)
				ProcessInitializeOnLoadMethodAttributes (18ms)
				AfterProcessingInitializeOnLoad (1ms)
				EditorAssembliesLoaded (0ms)
			ExecutionOrderSort2 (0ms)
			AwakeInstancesAfterBackupRestoration (2ms)
Platform modules already initialized, skipping
Refreshing native plugins compatible for Editor in 1.42 ms, found 2 plugins.
Preloading 0 native plugins for Editor in 0.00 ms.
Unloading 3602 Unused Serialized files (Serialized files now loaded: 0)
Unloading 18 unused Assets / (21.8 KB). Loaded Objects now: 4098.
Memory consumption went from 255.4 MB to 255.3 MB.
Total: 3.619750 ms (FindLiveObjects: 0.222917 ms CreateObjectMapping: 0.086541 ms MarkObjects: 3.287750 ms  DeleteObjects: 0.021750 ms)

AssetImportParameters requested are different than current active one (requested -> active):
  custom:video-decoder-ogg-theora: a1e56fd34408186e4bbccfd4996cb3dc -> 
  custom:container-muxer-webm: aa71ff27fc2769a1b78a27578f13a17b -> 
  custom:container-demuxer-webm: 4f35f7cbe854078d1ac9338744f61a02 -> 
  custom:video-encoder-webm-vp8: eb34c28f22e8b96e1ab97ce403110664 -> 
  custom:framework-osx-AVFoundation: e770b220cccbd017edd2c1fefb359320 -> 
  custom:audio-encoder-webm-vorbis: bf7c407c2cedff20999df2af8eb42d56 -> 
  custom:container-demuxer-ogg: 62fdf1f143b41e24485cea50d1cbac27 -> 
  custom:video-decoder-webm-vp8: 9c59270c3fd7afecdb556c50c9e8de78 -> 
  custom:audio-decoder-ogg-vorbis: bf7c407c2cedff20999df2af8eb42d56 -> 
========================================================================
Received Prepare
Registering precompiled user dll's ...
Registered in 0.001201 seconds.
Begin MonoManager ReloadAssembly
Thread 0x16b1ff000 may have been prematurely finalized
Symbol file LoadedFromMemory doesn't match image /Users/apple/Documents/DesignPattern/Library/PackageCache/com.unity.visualscripting@1.7.8/Editor/VisualScripting.Core/Dependencies/YamlDotNet/Unity.VisualScripting.YamlDotNet.dll
Symbol file LoadedFromMemory doesn't match image /Users/apple/Documents/DesignPattern/Library/PackageCache/com.unity.visualscripting@1.7.8/Editor/VisualScripting.Core/Dependencies/DotNetZip/Unity.VisualScripting.IonicZip.dll
Native extension for LinuxStandalone target not found
Native extension for iOS target not found
Native extension for Android target not found
Native extension for OSXStandalone target not found
Refreshing native plugins compatible for Editor in 0.87 ms, found 2 plugins.
Preloading 0 native plugins for Editor in 0.00 ms.
Mono: successfully reloaded assembly
- Completed reload, in  0.789 seconds
Domain Reload Profiling:
	ReloadAssembly (790ms)
		BeginReloadAssembly (147ms)
			ExecutionOrderSort (0ms)
			DisableScriptedObjects (5ms)
			BackupInstance (0ms)
			ReleaseScriptingObjects (0ms)
			CreateAndSetChildDomain (73ms)
		EndReloadAssembly (567ms)
			LoadAssemblies (54ms)
			RebuildTransferFunctionScriptingTraits (0ms)
			SetupTypeCache (218ms)
			ReleaseScriptCaches (4ms)
			RebuildScriptCaches (31ms)
			SetupLoadedEditorAssemblies (239ms)
				LogAssemblyErrors (0ms)
				InitializePlatformSupportModulesInManaged (40ms)
				SetLoadedEditorAssemblies (0ms)
				RefreshPlugins (1ms)
				BeforeProcessingInitializeOnLoad (43ms)
				ProcessInitializeOnLoadAttributes (137ms)
				ProcessInitializeOnLoadMethodAttributes (17ms)
				AfterProcessingInitializeOnLoad (1ms)
				EditorAssembliesLoaded (0ms)
			ExecutionOrderSort2 (0ms)
			AwakeInstancesAfterBackupRestoration (3ms)
Platform modules already initialized, skipping
Refreshing native plugins compatible for Editor in 1.12 ms, found 2 plugins.
Preloading 0 native plugins for Editor in 0.00 ms.
Unloading 3602 Unused Serialized files (Serialized files now loaded: 0)
Unloading 18 unused Assets / (21.9 KB). Loaded Objects now: 4101.
Memory consumption went from 255.6 MB to 255.5 MB.
Total: 5.076959 ms (FindLiveObjects: 0.184959 ms CreateObjectMapping: 0.083500 ms MarkObjects: 4.381000 ms  DeleteObjects: 0.426542 ms)

AssetImportParameters requested are different than current active one (requested -> active):
  custom:video-decoder-ogg-theora: a1e56fd34408186e4bbccfd4996cb3dc -> 
  custom:container-muxer-webm: aa71ff27fc2769a1b78a27578f13a17b -> 
  custom:container-demuxer-webm: 4f35f7cbe854078d1ac9338744f61a02 -> 
  custom:video-encoder-webm-vp8: eb34c28f22e8b96e1ab97ce403110664 -> 
  custom:framework-osx-AVFoundation: e770b220cccbd017edd2c1fefb359320 -> 
  custom:audio-encoder-webm-vorbis: bf7c407c2cedff20999df2af8eb42d56 -> 
  custom:container-demuxer-ogg: 62fdf1f143b41e24485cea50d1cbac27 -> 
  custom:video-decoder-webm-vp8: 9c59270c3fd7afecdb556c50c9e8de78 -> 
  custom:audio-decoder-ogg-vorbis: bf7c407c2cedff20999df2af8eb42d56 -> 
========================================================================
Received Import Request.
  Time since last request: 412.100248 seconds.
  path: Assets/SO Architecture/Extensions/QuaternionExtensions.cs
  artifactKey: Guid(519b10e3cd564520adb5118a5b996f43) Importer(815301076,1909f56bfc062723c751e8b465ee728b)
Start importing Assets/SO Architecture/Extensions/QuaternionExtensions.cs using Guid(519b10e3cd564520adb5118a5b996f43) Importer(815301076,1909f56bfc062723c751e8b465ee728b)  -> (artifact id: '04e25ac4160721579a6809263144f208') in 0.154580 seconds 
========================================================================
Received Import Request.
  Time since last request: 0.875400 seconds.
  path: Assets/SO Architecture/Extensions/Vector4Extensions.cs
  artifactKey: Guid(f82581906385ab740af135269a99379d) Importer(815301076,1909f56bfc062723c751e8b465ee728b)
Start importing Assets/SO Architecture/Extensions/Vector4Extensions.cs using Guid(f82581906385ab740af135269a99379d) Importer(815301076,1909f56bfc062723c751e8b465ee728b)  -> (artifact id: 'dc5323abe5cdd1a955818fd2659216a9') in 0.001521 seconds 
========================================================================
Received Import Request.
  Time since last request: 54.394693 seconds.
  path: Assets/SO Architecture/Examples/Objects
  artifactKey: Guid(96b3bcd047eb5b641baf9ba5331b24af) Importer(815301076,1909f56bfc062723c751e8b465ee728b)
Start importing Assets/SO Architecture/Examples/Objects using Guid(96b3bcd047eb5b641baf9ba5331b24af) Importer(815301076,1909f56bfc062723c751e8b465ee728b)  -> (artifact id: 'a40f91883a0eb13f4a9fca83fb7bec74') in 0.001657 seconds 
========================================================================
Received Import Request.
  Time since last request: 1.483295 seconds.
  path: Assets/SO Architecture/Examples/Objects/GameObjectGameEvent.asset
  artifactKey: Guid(f24c8ce67a79f43be87c88e6758fcf53) Importer(815301076,1909f56bfc062723c751e8b465ee728b)
Start importing Assets/SO Architecture/Examples/Objects/GameObjectGameEvent.asset using Guid(f24c8ce67a79f43be87c88e6758fcf53) Importer(815301076,1909f56bfc062723c751e8b465ee728b)  -> (artifact id: 'e5ca627afe252e0f0ecb2931b8228d08') in 0.153143 seconds 
